1663111792792	geckodriver	INFO	Listening on 127.0.0.1:52330
1663111795812	mozrunner::runner	INFO	Running command: "C:\\Program Files\\Mozilla Firefox\\firefox.exe" "--marionette" "--headless" "--remote-debugging-port" "52331" "--remote-allow-hosts" "localhost" "-no-remote" "-profile" "C:\\Users\\BIGGMA~1\\AppData\\Local\\Temp\\rust_mozprofilewYqaqX"
*** You are running in headless mode.
1663111796346	Marionette	INFO	Marionette enabled
1663111796351	Marionette	INFO	Listening on port 52354
WebDriver BiDi listening on ws://localhost:52331
Read port: 52354
1663111796464	RemoteAgent	WARN	TLS certificate errors will be ignored for this session
[GFX1-]: RenderCompositorSWGL failed mapping default framebuffer, no dt
console.warn: SearchSettings: "get: No settings file exists, new profile?" (new NotFoundError("Could not open the file at C:\\Users\\BIGGMA~1\\AppData\\Local\\Temp\\rust_mozprofilewYqaqX\\search.json.mozlz4", (void 0)))
DevTools listening on ws://localhost:52331/devtools/browser/82acb17b-53a3-4019-8fd9-01efc92cccb4
JavaScript warning: https://www.reclameaqui.com.br/N6K031/F/r/101cB1e_hQ/SJuLwmGtQO5L/Ji1MAQ/Plx/0ZCNILAkC, line 1: unreachable code after return statement
JavaScript warning: https://www.reclameaqui.com.br/N6K031/F/r/101cB1e_hQ/SJuLwmGtQO5L/Ji1MAQ/Plx/0ZCNILAkC, line 1: WEBGL_debug_renderer_info is deprecated in Firefox and will be removed. Please use RENDERER.
1663111801437	Marionette	WARN	Ignoring event 'DOMContentLoaded' because document has an invalid readyState of 'complete'.
JavaScript warning: https://auth.reclameaqui.com.br/YMhr00/dDRmmN/Q/3DK/te8gqLlUvAs/c2V5rNX6/WWdFNA/GGp/dfjBFIiEB, line 1: unreachable code after return statement
JavaScript warning: https://www.reclameaqui.com.br/N6K031/F/r/101cB1e_hQ/SJuLwmGtQO5L/Ji1MAQ/Plx/0ZCNILAkC, line 1: WEBGL_debug_renderer_info is deprecated in Firefox and will be removed. Please use RENDERER.
JavaScript warning: https://auth.reclameaqui.com.br/YMhr00/dDRmmN/Q/3DK/te8gqLlUvAs/c2V5rNX6/WWdFNA/GGp/dfjBFIiEB, line 1: unreachable code after return statement
JavaScript warning: https://auth.reclameaqui.com.br/YMhr00/dDRmmN/Q/3DK/te8gqLlUvAs/c2V5rNX6/WWdFNA/GGp/dfjBFIiEB, line 1: WEBGL_debug_renderer_info is deprecated in Firefox and will be removed. Please use RENDERER.
JavaScript warning: https://auth.reclameaqui.com.br/YMhr00/dDRmmN/Q/3DK/te8gqLlUvAs/c2V5rNX6/WWdFNA/GGp/dfjBFIiEB, line 1: WEBGL_debug_renderer_info is deprecated in Firefox and will be removed. Please use RENDERER.
JavaScript error: , line 0: TypeError: NetworkError when attempting to fetch resource.
JavaScript warning: https://www.reclameaqui.com.br/N6K031/F/r/101cB1e_hQ/SJuLwmGtQO5L/Ji1MAQ/Plx/0ZCNILAkC, line 1: unreachable code after return statement
1663111807698	Marionette	WARN	Ignoring event 'DOMContentLoaded' because document has an invalid readyState of 'complete'.
JavaScript warning: https://www.reclameaqui.com.br/N6K031/F/r/101cB1e_hQ/SJuLwmGtQO5L/Ji1MAQ/Plx/0ZCNILAkC, line 1: WEBGL_debug_renderer_info is deprecated in Firefox and will be removed. Please use RENDERER.
JavaScript warning: https://auth.reclameaqui.com.br/YMhr00/dDRmmN/Q/3DK/te8gqLlUvAs/c2V5rNX6/WWdFNA/GGp/dfjBFIiEB, line 1: unreachable code after return statement
JavaScript warning: https://www.reclameaqui.com.br/N6K031/F/r/101cB1e_hQ/SJuLwmGtQO5L/Ji1MAQ/Plx/0ZCNILAkC, line 1: WEBGL_debug_renderer_info is deprecated in Firefox and will be removed. Please use RENDERER.
JavaScript warning: https://auth.reclameaqui.com.br/YMhr00/dDRmmN/Q/3DK/te8gqLlUvAs/c2V5rNX6/WWdFNA/GGp/dfjBFIiEB, line 1: unreachable code after return statement
JavaScript warning: https://auth.reclameaqui.com.br/YMhr00/dDRmmN/Q/3DK/te8gqLlUvAs/c2V5rNX6/WWdFNA/GGp/dfjBFIiEB, line 1: WEBGL_debug_renderer_info is deprecated in Firefox and will be removed. Please use RENDERER.
JavaScript warning: https://auth.reclameaqui.com.br/YMhr00/dDRmmN/Q/3DK/te8gqLlUvAs/c2V5rNX6/WWdFNA/GGp/dfjBFIiEB, line 1: WEBGL_debug_renderer_info is deprecated in Firefox and will be removed. Please use RENDERER.
JavaScript warning: https://pagead2.googlesyndication.com/bg/UtAH21516j-lv8NeH95YZMYQEqYTHJGx7ojgWd5suBE.js line 2 > eval line 7741 > eval line 1 > eval line 1 > eval, line 1: WEBGL_debug_renderer_info is deprecated in Firefox and will be removed. Please use RENDERER.
JavaScript error: , line 0: TypeError: NetworkError when attempting to fetch resource.
JavaScript warning: https://www.reclameaqui.com.br/N6K031/F/r/101cB1e_hQ/SJuLwmGtQO5L/Ji1MAQ/Plx/0ZCNILAkC, line 1: unreachable code after return statement
1663111813786	Marionette	WARN	Ignoring event 'DOMContentLoaded' because document has an invalid readyState of 'complete'.
JavaScript warning: https://www.reclameaqui.com.br/N6K031/F/r/101cB1e_hQ/SJuLwmGtQO5L/Ji1MAQ/Plx/0ZCNILAkC, line 1: WEBGL_debug_renderer_info is deprecated in Firefox and will be removed. Please use RENDERER.
JavaScript warning: https://auth.reclameaqui.com.br/YMhr00/dDRmmN/Q/3DK/te8gqLlUvAs/c2V5rNX6/WWdFNA/GGp/dfjBFIiEB, line 1: unreachable code after return statement
JavaScript warning: https://www.reclameaqui.com.br/N6K031/F/r/101cB1e_hQ/SJuLwmGtQO5L/Ji1MAQ/Plx/0ZCNILAkC, line 1: WEBGL_debug_renderer_info is deprecated in Firefox and will be removed. Please use RENDERER.
JavaScript warning: https://auth.reclameaqui.com.br/YMhr00/dDRmmN/Q/3DK/te8gqLlUvAs/c2V5rNX6/WWdFNA/GGp/dfjBFIiEB, line 1: WEBGL_debug_renderer_info is deprecated in Firefox and will be removed. Please use RENDERER.
JavaScript warning: https://auth.reclameaqui.com.br/YMhr00/dDRmmN/Q/3DK/te8gqLlUvAs/c2V5rNX6/WWdFNA/GGp/dfjBFIiEB, line 1: WEBGL_debug_renderer_info is deprecated in Firefox and will be removed. Please use RENDERER.
JavaScript warning: https://pagead2.googlesyndication.com/bg/UtAH21516j-lv8NeH95YZMYQEqYTHJGx7ojgWd5suBE.js line 2 > eval line 5339 > eval line 1 > eval line 1 > eval, line 1: WEBGL_debug_renderer_info is deprecated in Firefox and will be removed. Please use RENDERER.
JavaScript error: , line 0: TypeError: NetworkError when attempting to fetch resource.
JavaScript warning: https://www.reclameaqui.com.br/N6K031/F/r/101cB1e_hQ/SJuLwmGtQO5L/Ji1MAQ/Plx/0ZCNILAkC, line 1: unreachable code after return statement
1663111819352	Marionette	WARN	Ignoring event 'DOMContentLoaded' because document has an invalid readyState of 'complete'.
JavaScript warning: https://www.reclameaqui.com.br/N6K031/F/r/101cB1e_hQ/SJuLwmGtQO5L/Ji1MAQ/Plx/0ZCNILAkC, line 1: WEBGL_debug_renderer_info is deprecated in Firefox and will be removed. Please use RENDERER.
JavaScript warning: https://auth.reclameaqui.com.br/YMhr00/dDRmmN/Q/3DK/te8gqLlUvAs/c2V5rNX6/WWdFNA/GGp/dfjBFIiEB, line 1: unreachable code after return statement
JavaScript warning: https://www.reclameaqui.com.br/N6K031/F/r/101cB1e_hQ/SJuLwmGtQO5L/Ji1MAQ/Plx/0ZCNILAkC, line 1: WEBGL_debug_renderer_info is deprecated in Firefox and will be removed. Please use RENDERER.
JavaScript warning: https://auth.reclameaqui.com.br/YMhr00/dDRmmN/Q/3DK/te8gqLlUvAs/c2V5rNX6/WWdFNA/GGp/dfjBFIiEB, line 1: unreachable code after return statement
JavaScript warning: https://auth.reclameaqui.com.br/YMhr00/dDRmmN/Q/3DK/te8gqLlUvAs/c2V5rNX6/WWdFNA/GGp/dfjBFIiEB, line 1: WEBGL_debug_renderer_info is deprecated in Firefox and will be removed. Please use RENDERER.
JavaScript warning: https://auth.reclameaqui.com.br/YMhr00/dDRmmN/Q/3DK/te8gqLlUvAs/c2V5rNX6/WWdFNA/GGp/dfjBFIiEB, line 1: WEBGL_debug_renderer_info is deprecated in Firefox and will be removed. Please use RENDERER.
JavaScript warning: https://pagead2.googlesyndication.com/bg/UtAH21516j-lv8NeH95YZMYQEqYTHJGx7ojgWd5suBE.js line 2 > eval line 1439 > eval line 1 > eval line 1 > eval, line 1: WEBGL_debug_renderer_info is deprecated in Firefox and will be removed. Please use RENDERER.
JavaScript error: , line 0: TypeError: NetworkError when attempting to fetch resource.
JavaScript warning: https://www.reclameaqui.com.br/N6K031/F/r/101cB1e_hQ/SJuLwmGtQO5L/Ji1MAQ/Plx/0ZCNILAkC, line 1: unreachable code after return statement
1663111824641	Marionette	WARN	Ignoring event 'DOMContentLoaded' because document has an invalid readyState of 'complete'.
JavaScript warning: https://www.reclameaqui.com.br/N6K031/F/r/101cB1e_hQ/SJuLwmGtQO5L/Ji1MAQ/Plx/0ZCNILAkC, line 1: WEBGL_debug_renderer_info is deprecated in Firefox and will be removed. Please use RENDERER.
JavaScript warning: https://auth.reclameaqui.com.br/YMhr00/dDRmmN/Q/3DK/te8gqLlUvAs/c2V5rNX6/WWdFNA/GGp/dfjBFIiEB, line 1: unreachable code after return statement
JavaScript warning: https://auth.reclameaqui.com.br/YMhr00/dDRmmN/Q/3DK/te8gqLlUvAs/c2V5rNX6/WWdFNA/GGp/dfjBFIiEB, line 1: WEBGL_debug_renderer_info is deprecated in Firefox and will be removed. Please use RENDERER.
JavaScript warning: https://www.reclameaqui.com.br/N6K031/F/r/101cB1e_hQ/SJuLwmGtQO5L/Ji1MAQ/Plx/0ZCNILAkC, line 1: WEBGL_debug_renderer_info is deprecated in Firefox and will be removed. Please use RENDERER.
JavaScript warning: https://auth.reclameaqui.com.br/YMhr00/dDRmmN/Q/3DK/te8gqLlUvAs/c2V5rNX6/WWdFNA/GGp/dfjBFIiEB, line 1: unreachable code after return statement
JavaScript warning: https://auth.reclameaqui.com.br/YMhr00/dDRmmN/Q/3DK/te8gqLlUvAs/c2V5rNX6/WWdFNA/GGp/dfjBFIiEB, line 1: WEBGL_debug_renderer_info is deprecated in Firefox and will be removed. Please use RENDERER.
JavaScript warning: https://auth.reclameaqui.com.br/YMhr00/dDRmmN/Q/3DK/te8gqLlUvAs/c2V5rNX6/WWdFNA/GGp/dfjBFIiEB, line 1: WEBGL_debug_renderer_info is deprecated in Firefox and will be removed. Please use RENDERER.
JavaScript warning: https://pagead2.googlesyndication.com/bg/UtAH21516j-lv8NeH95YZMYQEqYTHJGx7ojgWd5suBE.js line 2 > eval line 776 > eval line 1 > eval line 1 > eval, line 1: WEBGL_debug_renderer_info is deprecated in Firefox and will be removed. Please use RENDERER.
JavaScript error: , line 0: TypeError: NetworkError when attempting to fetch resource.
JavaScript warning: https://www.reclameaqui.com.br/N6K031/F/r/101cB1e_hQ/SJuLwmGtQO5L/Ji1MAQ/Plx/0ZCNILAkC, line 1: unreachable code after return statement
1663111830168	Marionette	WARN	Ignoring event 'DOMContentLoaded' because document has an invalid readyState of 'complete'.
JavaScript warning: https://www.reclameaqui.com.br/N6K031/F/r/101cB1e_hQ/SJuLwmGtQO5L/Ji1MAQ/Plx/0ZCNILAkC, line 1: WEBGL_debug_renderer_info is deprecated in Firefox and will be removed. Please use RENDERER.
JavaScript warning: https://auth.reclameaqui.com.br/YMhr00/dDRmmN/Q/3DK/te8gqLlUvAs/c2V5rNX6/WWdFNA/GGp/dfjBFIiEB, line 1: unreachable code after return statement
JavaScript warning: https://www.reclameaqui.com.br/N6K031/F/r/101cB1e_hQ/SJuLwmGtQO5L/Ji1MAQ/Plx/0ZCNILAkC, line 1: WEBGL_debug_renderer_info is deprecated in Firefox and will be removed. Please use RENDERER.
JavaScript warning: https://auth.reclameaqui.com.br/YMhr00/dDRmmN/Q/3DK/te8gqLlUvAs/c2V5rNX6/WWdFNA/GGp/dfjBFIiEB, line 1: WEBGL_debug_renderer_info is deprecated in Firefox and will be removed. Please use RENDERER.
JavaScript warning: https://auth.reclameaqui.com.br/YMhr00/dDRmmN/Q/3DK/te8gqLlUvAs/c2V5rNX6/WWdFNA/GGp/dfjBFIiEB, line 1: WEBGL_debug_renderer_info is deprecated in Firefox and will be removed. Please use RENDERER.
JavaScript warning: https://pagead2.googlesyndication.com/bg/UtAH21516j-lv8NeH95YZMYQEqYTHJGx7ojgWd5suBE.js line 2 > eval line 2673 > eval line 1 > eval line 1 > eval, line 1: WEBGL_debug_renderer_info is deprecated in Firefox and will be removed. Please use RENDERER.
JavaScript error: , line 0: TypeError: NetworkError when attempting to fetch resource.
JavaScript warning: https://www.reclameaqui.com.br/N6K031/F/r/101cB1e_hQ/SJuLwmGtQO5L/Ji1MAQ/Plx/0ZCNILAkC, line 1: unreachable code after return statement
1663111836801	Marionette	WARN	Ignoring event 'DOMContentLoaded' because document has an invalid readyState of 'complete'.
JavaScript warning: https://auth.reclameaqui.com.br/YMhr00/dDRmmN/Q/3DK/te8gqLlUvAs/c2V5rNX6/WWdFNA/GGp/dfjBFIiEB, line 1: unreachable code after return statement
JavaScript warning: https://www.reclameaqui.com.br/N6K031/F/r/101cB1e_hQ/SJuLwmGtQO5L/Ji1MAQ/Plx/0ZCNILAkC, line 1: WEBGL_debug_renderer_info is deprecated in Firefox and will be removed. Please use RENDERER.
JavaScript warning: https://www.reclameaqui.com.br/N6K031/F/r/101cB1e_hQ/SJuLwmGtQO5L/Ji1MAQ/Plx/0ZCNILAkC, line 1: WEBGL_debug_renderer_info is deprecated in Firefox and will be removed. Please use RENDERER.
JavaScript warning: https://auth.reclameaqui.com.br/YMhr00/dDRmmN/Q/3DK/te8gqLlUvAs/c2V5rNX6/WWdFNA/GGp/dfjBFIiEB, line 1: unreachable code after return statement
JavaScript warning: https://auth.reclameaqui.com.br/YMhr00/dDRmmN/Q/3DK/te8gqLlUvAs/c2V5rNX6/WWdFNA/GGp/dfjBFIiEB, line 1: WEBGL_debug_renderer_info is deprecated in Firefox and will be removed. Please use RENDERER.
JavaScript warning: https://pagead2.googlesyndication.com/bg/UtAH21516j-lv8NeH95YZMYQEqYTHJGx7ojgWd5suBE.js line 2 > eval line 3479 > eval line 1 > eval line 1 > eval, line 1: WEBGL_debug_renderer_info is deprecated in Firefox and will be removed. Please use RENDERER.
JavaScript warning: https://auth.reclameaqui.com.br/YMhr00/dDRmmN/Q/3DK/te8gqLlUvAs/c2V5rNX6/WWdFNA/GGp/dfjBFIiEB, line 1: WEBGL_debug_renderer_info is deprecated in Firefox and will be removed. Please use RENDERER.
JavaScript error: , line 0: TypeError: NetworkError when attempting to fetch resource.
JavaScript warning: https://www.reclameaqui.com.br/N6K031/F/r/101cB1e_hQ/SJuLwmGtQO5L/Ji1MAQ/Plx/0ZCNILAkC, line 1: unreachable code after return statement
1663111841458	Marionette	WARN	Ignoring event 'DOMContentLoaded' because document has an invalid readyState of 'complete'.
JavaScript warning: https://www.reclameaqui.com.br/N6K031/F/r/101cB1e_hQ/SJuLwmGtQO5L/Ji1MAQ/Plx/0ZCNILAkC, line 1: WEBGL_debug_renderer_info is deprecated in Firefox and will be removed. Please use RENDERER.
JavaScript warning: https://auth.reclameaqui.com.br/YMhr00/dDRmmN/Q/3DK/te8gqLlUvAs/c2V5rNX6/WWdFNA/GGp/dfjBFIiEB, line 1: unreachable code after return statement
JavaScript warning: https://auth.reclameaqui.com.br/YMhr00/dDRmmN/Q/3DK/te8gqLlUvAs/c2V5rNX6/WWdFNA/GGp/dfjBFIiEB, line 1: unreachable code after return statement
JavaScript warning: https://www.reclameaqui.com.br/N6K031/F/r/101cB1e_hQ/SJuLwmGtQO5L/Ji1MAQ/Plx/0ZCNILAkC, line 1: WEBGL_debug_renderer_info is deprecated in Firefox and will be removed. Please use RENDERER.
JavaScript warning: https://auth.reclameaqui.com.br/YMhr00/dDRmmN/Q/3DK/te8gqLlUvAs/c2V5rNX6/WWdFNA/GGp/dfjBFIiEB, line 1: WEBGL_debug_renderer_info is deprecated in Firefox and will be removed. Please use RENDERER.
JavaScript warning: https://auth.reclameaqui.com.br/YMhr00/dDRmmN/Q/3DK/te8gqLlUvAs/c2V5rNX6/WWdFNA/GGp/dfjBFIiEB, line 1: WEBGL_debug_renderer_info is deprecated in Firefox and will be removed. Please use RENDERER.
JavaScript warning: https://pagead2.googlesyndication.com/bg/UtAH21516j-lv8NeH95YZMYQEqYTHJGx7ojgWd5suBE.js line 2 > eval line 5667 > eval line 1 > eval line 1 > eval, line 1: WEBGL_debug_renderer_info is deprecated in Firefox and will be removed. Please use RENDERER.
JavaScript error: , line 0: TypeError: NetworkError when attempting to fetch resource.
JavaScript warning: https://www.reclameaqui.com.br/N6K031/F/r/101cB1e_hQ/SJuLwmGtQO5L/Ji1MAQ/Plx/0ZCNILAkC, line 1: unreachable code after return statement
1663111847725	Marionette	WARN	Ignoring event 'DOMContentLoaded' because document has an invalid readyState of 'complete'.
JavaScript warning: https://www.reclameaqui.com.br/N6K031/F/r/101cB1e_hQ/SJuLwmGtQO5L/Ji1MAQ/Plx/0ZCNILAkC, line 1: WEBGL_debug_renderer_info is deprecated in Firefox and will be removed. Please use RENDERER.
JavaScript warning: https://auth.reclameaqui.com.br/YMhr00/dDRmmN/Q/3DK/te8gqLlUvAs/c2V5rNX6/WWdFNA/GGp/dfjBFIiEB, line 1: unreachable code after return statement
JavaScript warning: https://www.reclameaqui.com.br/N6K031/F/r/101cB1e_hQ/SJuLwmGtQO5L/Ji1MAQ/Plx/0ZCNILAkC, line 1: WEBGL_debug_renderer_info is deprecated in Firefox and will be removed. Please use RENDERER.
JavaScript warning: https://auth.reclameaqui.com.br/YMhr00/dDRmmN/Q/3DK/te8gqLlUvAs/c2V5rNX6/WWdFNA/GGp/dfjBFIiEB, line 1: unreachable code after return statement
JavaScript warning: https://auth.reclameaqui.com.br/YMhr00/dDRmmN/Q/3DK/te8gqLlUvAs/c2V5rNX6/WWdFNA/GGp/dfjBFIiEB, line 1: WEBGL_debug_renderer_info is deprecated in Firefox and will be removed. Please use RENDERER.
JavaScript warning: https://auth.reclameaqui.com.br/YMhr00/dDRmmN/Q/3DK/te8gqLlUvAs/c2V5rNX6/WWdFNA/GGp/dfjBFIiEB, line 1: WEBGL_debug_renderer_info is deprecated in Firefox and will be removed. Please use RENDERER.
JavaScript warning: https://pagead2.googlesyndication.com/bg/UtAH21516j-lv8NeH95YZMYQEqYTHJGx7ojgWd5suBE.js line 2 > eval line 2681 > eval line 1 > eval line 1 > eval, line 1: WEBGL_debug_renderer_info is deprecated in Firefox and will be removed. Please use RENDERER.
JavaScript error: , line 0: TypeError: NetworkError when attempting to fetch resource.
JavaScript warning: https://www.reclameaqui.com.br/N6K031/F/r/101cB1e_hQ/SJuLwmGtQO5L/Ji1MAQ/Plx/0ZCNILAkC, line 1: unreachable code after return statement
1663111854009	Marionette	WARN	Ignoring event 'DOMContentLoaded' because document has an invalid readyState of 'complete'.
JavaScript warning: https://www.reclameaqui.com.br/N6K031/F/r/101cB1e_hQ/SJuLwmGtQO5L/Ji1MAQ/Plx/0ZCNILAkC, line 1: WEBGL_debug_renderer_info is deprecated in Firefox and will be removed. Please use RENDERER.
JavaScript warning: https://auth.reclameaqui.com.br/YMhr00/dDRmmN/Q/3DK/te8gqLlUvAs/c2V5rNX6/WWdFNA/GGp/dfjBFIiEB, line 1: unreachable code after return statement
JavaScript warning: https://auth.reclameaqui.com.br/YMhr00/dDRmmN/Q/3DK/te8gqLlUvAs/c2V5rNX6/WWdFNA/GGp/dfjBFIiEB, line 1: unreachable code after return statement
JavaScript warning: https://www.reclameaqui.com.br/N6K031/F/r/101cB1e_hQ/SJuLwmGtQO5L/Ji1MAQ/Plx/0ZCNILAkC, line 1: WEBGL_debug_renderer_info is deprecated in Firefox and will be removed. Please use RENDERER.
JavaScript warning: https://auth.reclameaqui.com.br/YMhr00/dDRmmN/Q/3DK/te8gqLlUvAs/c2V5rNX6/WWdFNA/GGp/dfjBFIiEB, line 1: WEBGL_debug_renderer_info is deprecated in Firefox and will be removed. Please use RENDERER.
JavaScript warning: https://auth.reclameaqui.com.br/YMhr00/dDRmmN/Q/3DK/te8gqLlUvAs/c2V5rNX6/WWdFNA/GGp/dfjBFIiEB, line 1: WEBGL_debug_renderer_info is deprecated in Firefox and will be removed. Please use RENDERER.
JavaScript warning: https://pagead2.googlesyndication.com/bg/UtAH21516j-lv8NeH95YZMYQEqYTHJGx7ojgWd5suBE.js line 2 > eval line 1637 > eval line 1 > eval line 1 > eval, line 1: WEBGL_debug_renderer_info is deprecated in Firefox and will be removed. Please use RENDERER.
JavaScript error: , line 0: TypeError: NetworkError when attempting to fetch resource.
JavaScript warning: https://www.reclameaqui.com.br/N6K031/F/r/101cB1e_hQ/SJuLwmGtQO5L/Ji1MAQ/Plx/0ZCNILAkC, line 1: unreachable code after return statement
1663111859141	Marionette	WARN	Ignoring event 'DOMContentLoaded' because document has an invalid readyState of 'complete'.
JavaScript warning: https://www.reclameaqui.com.br/N6K031/F/r/101cB1e_hQ/SJuLwmGtQO5L/Ji1MAQ/Plx/0ZCNILAkC, line 1: WEBGL_debug_renderer_info is deprecated in Firefox and will be removed. Please use RENDERER.
JavaScript warning: https://auth.reclameaqui.com.br/YMhr00/dDRmmN/Q/3DK/te8gqLlUvAs/c2V5rNX6/WWdFNA/GGp/dfjBFIiEB, line 1: unreachable code after return statement
JavaScript warning: https://auth.reclameaqui.com.br/YMhr00/dDRmmN/Q/3DK/te8gqLlUvAs/c2V5rNX6/WWdFNA/GGp/dfjBFIiEB, line 1: unreachable code after return statement
JavaScript warning: https://www.reclameaqui.com.br/N6K031/F/r/101cB1e_hQ/SJuLwmGtQO5L/Ji1MAQ/Plx/0ZCNILAkC, line 1: WEBGL_debug_renderer_info is deprecated in Firefox and will be removed. Please use RENDERER.
JavaScript warning: https://auth.reclameaqui.com.br/YMhr00/dDRmmN/Q/3DK/te8gqLlUvAs/c2V5rNX6/WWdFNA/GGp/dfjBFIiEB, line 1: WEBGL_debug_renderer_info is deprecated in Firefox and will be removed. Please use RENDERER.
JavaScript warning: https://auth.reclameaqui.com.br/YMhr00/dDRmmN/Q/3DK/te8gqLlUvAs/c2V5rNX6/WWdFNA/GGp/dfjBFIiEB, line 1: WEBGL_debug_renderer_info is deprecated in Firefox and will be removed. Please use RENDERER.
JavaScript warning: https://pagead2.googlesyndication.com/bg/UtAH21516j-lv8NeH95YZMYQEqYTHJGx7ojgWd5suBE.js line 2 > eval line 227 > eval line 1 > eval line 1 > eval, line 1: WEBGL_debug_renderer_info is deprecated in Firefox and will be removed. Please use RENDERER.
1663111862255	Marionette	INFO	Stopped listening on port 52354
